<?xml version="1.0" encoding="UTF-8"?>
<!-- Generated by org.testng.reporters.JUnitReportReporter -->
<testsuite hostname="Proteam2023-08" failures="0" tests="1" name="cucumberOptions.TestNGTestRunner" time="56.250" errors="0" timestamp="2025-03-06T18:59:31 IST" skipped="0">
  <testcase classname="cucumberOptions.TestNGTestRunner" name="runScenario" time="56.250"/>
</testsuite> <!-- cucumberOptions.TestNGTestRunner -->
