<?xml version="1.0" encoding="UTF-8"?>
<!-- Generated by org.testng.reporters.JUnitReportReporter -->
<testsuite hostname="Proteam2023-08" failures="0" tests="1" name="cucumberOptions.FailedTestRunner" time="125.674" errors="0" timestamp="2025-03-10T11:43:17 IST" skipped="0">
  <testcase classname="cucumberOptions.FailedTestRunner" name="runScenario" time="125.674"/>
</testsuite> <!-- cucumberOptions.FailedTestRunner -->
