<?xml version="1.0" encoding="UTF-8"?>
<!-- Generated by org.testng.reporters.JUnitReportReporter -->
<testsuite hostname="Proteam2023-08" failures="0" tests="6" name="cucumberOptions.TestNGTestRunner" time="0.701" errors="0" timestamp="2025-03-10T15:43:21 IST" skipped="0">
  <testcase classname="cucumberOptions.TestNGTestRunner" name="runScenario" time="0.479"/>
  <testcase classname="cucumberOptions.TestNGTestRunner" name="runScenario" time="0.042"/>
  <testcase classname="cucumberOptions.TestNGTestRunner" name="runScenario" time="0.047"/>
  <testcase classname="cucumberOptions.TestNGTestRunner" name="runScenario" time="0.052"/>
  <testcase classname="cucumberOptions.TestNGTestRunner" name="runScenario" time="0.043"/>
  <testcase classname="cucumberOptions.TestNGTestRunner" name="runScenario" time="0.038"/>
</testsuite> <!-- cucumberOptions.TestNGTestRunner -->
